14:02:06 **** Build of configuration Debug for project frdmk66f_hello_world ****
make -r -j4 all 
Building file: ../utilities/fsl_assert.c
Building file: ../utilities/fsl_debug_console.c
Building file: ../startup/startup_mk66f18.c
Invoking: MCU C Compiler
Invoking: MCU C Compiler
arm-none-eabi-gcc -std=gnu99 -D__REDLIB__ -DCPU_MK66FN2M0VMD18 -DCPU_MK66FN2M0VMD18_cm4 -DPRINTF_FLOAT_ENABLE=0 -DSCANF_FLOAT_ENABLE=0 -DPRINTF_ADVANCED_ENABLE=0 -DSCANF_ADVANCED_ENABLE=0 -DFRDM_K66F -DFREEDOM -DMCUXPRESSO_SDK -DSDK_DEBUGCONSOLE=0 -DCR_INTEGER_PRINTF -D__MCUXPRESSO -D__USE_CMSIS -DDEBUG -I"C:\Users\wuz147\Desktop\Lab2-problem7\frdmk66f_hello_world\source" -I"C:\Users\wuz147\Desktop\Lab2-problem7\frdmk66f_hello_world\utilities" -I"C:\Users\wuz147\Desktop\Lab2-problem7\frdmk66f_hello_world\drivers" -I"C:\Users\wuz147\Desktop\Lab2-problem7\frdmk66f_hello_world\device" -I"C:\Users\wuz147\Desktop\Lab2-problem7\frdmk66f_hello_world\component\uart" -I"C:\Users\wuz147\Desktop\Lab2-problem7\frdmk66f_hello_world\component\lists" -I"C:\Users\wuz147\Desktop\Lab2-problem7\frdmk66f_hello_world\CMSIS" -I"C:\Users\wuz147\Desktop\Lab2-problem7\frdmk66f_hello_world\board" -O0 -fno-common -g3 -c -ffunction-sections -fdata-sections -ffreestanding -fno-builtin -fmerge-constants -fmacro-prefix-map="../utilities/"= -mcpu=cortex-m4 -mfpu=fpv4-sp-d16 -mfloat-abi=hard -mthumb -D__REDLIB__ -fstack-usage -specs=redlib.specs -MMD -MP -MF"utilities/fsl_assert.d" -MT"utilities/fsl_assert.o" -MT"utilities/fsl_assert.d" -o "utilities/fsl_assert.o" "../utilities/fsl_assert.c"
arm-none-eabi-gcc -std=gnu99 -D__REDLIB__ -DCPU_MK66FN2M0VMD18 -DCPU_MK66FN2M0VMD18_cm4 -DPRINTF_FLOAT_ENABLE=0 -DSCANF_FLOAT_ENABLE=0 -DPRINTF_ADVANCED_ENABLE=0 -DSCANF_ADVANCED_ENABLE=0 -DFRDM_K66F -DFREEDOM -DMCUXPRESSO_SDK -DSDK_DEBUGCONSOLE=0 -DCR_INTEGER_PRINTF -D__MCUXPRESSO -D__USE_CMSIS -DDEBUG -I"C:\Users\wuz147\Desktop\Lab2-problem7\frdmk66f_hello_world\source" -I"C:\Users\wuz147\Desktop\Lab2-problem7\frdmk66f_hello_world\utilities" -I"C:\Users\wuz147\Desktop\Lab2-problem7\frdmk66f_hello_world\drivers" -I"C:\Users\wuz147\Desktop\Lab2-problem7\frdmk66f_hello_world\device" -I"C:\Users\wuz147\Desktop\Lab2-problem7\frdmk66f_hello_world\component\uart" -I"C:\Users\wuz147\Desktop\Lab2-problem7\frdmk66f_hello_world\component\lists" -I"C:\Users\wuz147\Desktop\Lab2-problem7\frdmk66f_hello_world\CMSIS" -I"C:\Users\wuz147\Desktop\Lab2-problem7\frdmk66f_hello_world\board" -O0 -fno-common -g3 -c -ffunction-sections -fdata-sections -ffreestanding -fno-builtin -fmerge-constants -fmacro-prefix-map="../utilities/"= -mcpu=cortex-m4 -mfpu=fpv4-sp-d16 -mfloat-abi=hard -mthumb -D__REDLIB__ -fstack-usage -specs=redlib.specs -MMD -MP -MF"utilities/fsl_debug_console.d" -MT"utilities/fsl_debug_console.o" -MT"utilities/fsl_debug_console.d" -o "utilities/fsl_debug_console.o" "../utilities/fsl_debug_console.c"
Invoking: MCU C Compiler
arm-none-eabi-gcc -std=gnu99 -D__REDLIB__ -DCPU_MK66FN2M0VMD18 -DCPU_MK66FN2M0VMD18_cm4 -DPRINTF_FLOAT_ENABLE=0 -DSCANF_FLOAT_ENABLE=0 -DPRINTF_ADVANCED_ENABLE=0 -DSCANF_ADVANCED_ENABLE=0 -DFRDM_K66F -DFREEDOM -DMCUXPRESSO_SDK -DSDK_DEBUGCONSOLE=0 -DCR_INTEGER_PRINTF -D__MCUXPRESSO -D__USE_CMSIS -DDEBUG -I"C:\Users\wuz147\Desktop\Lab2-problem7\frdmk66f_hello_world\source" -I"C:\Users\wuz147\Desktop\Lab2-problem7\frdmk66f_hello_world\utilities" -I"C:\Users\wuz147\Desktop\Lab2-problem7\frdmk66f_hello_world\drivers" -I"C:\Users\wuz147\Desktop\Lab2-problem7\frdmk66f_hello_world\device" -I"C:\Users\wuz147\Desktop\Lab2-problem7\frdmk66f_hello_world\component\uart" -I"C:\Users\wuz147\Desktop\Lab2-problem7\frdmk66f_hello_world\component\lists" -I"C:\Users\wuz147\Desktop\Lab2-problem7\frdmk66f_hello_world\CMSIS" -I"C:\Users\wuz147\Desktop\Lab2-problem7\frdmk66f_hello_world\board" -O0 -fno-common -g3 -c -ffunction-sections -fdata-sections -ffreestanding -fno-builtin -fmerge-constants -fmacro-prefix-map="../startup/"= -mcpu=cortex-m4 -mfpu=fpv4-sp-d16 -mfloat-abi=hard -mthumb -D__REDLIB__ -fstack-usage -specs=redlib.specs -MMD -MP -MF"startup/startup_mk66f18.d" -MT"startup/startup_mk66f18.o" -MT"startup/startup_mk66f18.d" -o "startup/startup_mk66f18.o" "../startup/startup_mk66f18.c"
Building file: ../source/hello_world.c
Invoking: MCU C Compiler
arm-none-eabi-gcc -std=gnu99 -D__REDLIB__ -DCPU_MK66FN2M0VMD18 -DCPU_MK66FN2M0VMD18_cm4 -DPRINTF_FLOAT_ENABLE=0 -DSCANF_FLOAT_ENABLE=0 -DPRINTF_ADVANCED_ENABLE=0 -DSCANF_ADVANCED_ENABLE=0 -DFRDM_K66F -DFREEDOM -DMCUXPRESSO_SDK -DSDK_DEBUGCONSOLE=0 -DCR_INTEGER_PRINTF -D__MCUXPRESSO -D__USE_CMSIS -DDEBUG -I"C:\Users\wuz147\Desktop\Lab2-problem7\frdmk66f_hello_world\source" -I"C:\Users\wuz147\Desktop\Lab2-problem7\frdmk66f_hello_world\utilities" -I"C:\Users\wuz147\Desktop\Lab2-problem7\frdmk66f_hello_world\drivers" -I"C:\Users\wuz147\Desktop\Lab2-problem7\frdmk66f_hello_world\device" -I"C:\Users\wuz147\Desktop\Lab2-problem7\frdmk66f_hello_world\component\uart" -I"C:\Users\wuz147\Desktop\Lab2-problem7\frdmk66f_hello_world\component\lists" -I"C:\Users\wuz147\Desktop\Lab2-problem7\frdmk66f_hello_world\CMSIS" -I"C:\Users\wuz147\Desktop\Lab2-problem7\frdmk66f_hello_world\board" -O0 -fno-common -g3 -c -ffunction-sections -fdata-sections -ffreestanding -fno-builtin -fmerge-constants -fmacro-prefix-map="../source/"= -mcpu=cortex-m4 -mfpu=fpv4-sp-d16 -mfloat-abi=hard -mthumb -D__REDLIB__ -fstack-usage -specs=redlib.specs -MMD -MP -MF"source/hello_world.d" -MT"source/hello_world.o" -MT"source/hello_world.d" -o "source/hello_world.o" "../source/hello_world.c"
../source/hello_world.c: In function 'main':
../source/hello_world.c:43:2: error: unknown type name 'uart_config_t'; did you mean 'mcg_config_t'?
   43 |  uart_config_t config;
      |  ^~~~~~~~~~~~~
      |  mcg_config_t
../source/hello_world.c:48:2: warning: implicit declaration of function 'UART_GetDefaultConfig' [-Wimplicit-function-declaration]
   48 |  UART_GetDefaultConfig(&config);
      |  ^~~~~~~~~~~~~~~~~~~~~
../source/hello_world.c:49:8: error: request for member 'baudRate_Bps' in something not a structure or union
   49 |  config.baudRate_Bps = 115200;
      |        ^
../source/hello_world.c:50:8: error: request for member 'enableTx' in something not a structure or union
   50 |  config.enableTx = false;
      |        ^
../source/hello_world.c:51:8: error: request for member 'enableRx' in something not a structure or union
   51 |  config.enableRx = true;
      |        ^
../source/hello_world.c:52:2: warning: implicit declaration of function 'UART_Init' [-Wimplicit-function-declaration]
   52 |  UART_Init(UART1, &config, CLOCK_GetFreq(kCLOCK_CoreSysClk));
      |  ^~~~~~~~~
Finished building: ../startup/startup_mk66f18.c
../source/hello_world.c:55:3: warning: implicit declaration of function 'UART_ReadBlocking' [-Wimplicit-function-declaration]
   55 |   UART_ReadBlocking(UART1, ptr, 1);
      |   ^~~~~~~~~~~~~~~~~
 
Building file: ../source/semihost_hardfault.c
make[1]: *** [source/subdir.mk:23: source/hello_world.o] Error 1
make[1]: *** Waiting for unfinished jobs....
Finished building: ../utilities/fsl_debug_console.c
Finished building: ../utilities/fsl_assert.c
Invoking: MCU C Compiler
 
arm-none-eabi-gcc -std=gnu99 -D__REDLIB__ -DCPU_MK66FN2M0VMD18 -DCPU_MK66FN2M0VMD18_cm4 -DPRINTF_FLOAT_ENABLE=0 -DSCANF_FLOAT_ENABLE=0 -DPRINTF_ADVANCED_ENABLE=0 -DSCANF_ADVANCED_ENABLE=0 -DFRDM_K66F -DFREEDOM -DMCUXPRESSO_SDK -DSDK_DEBUGCONSOLE=0 -DCR_INTEGER_PRINTF -D__MCUXPRESSO -D__USE_CMSIS -DDEBUG -I"C:\Users\wuz147\Desktop\Lab2-problem7\frdmk66f_hello_world\source" -I"C:\Users\wuz147\Desktop\Lab2-problem7\frdmk66f_hello_world\utilities" -I"C:\Users\wuz147\Desktop\Lab2-problem7\frdmk66f_hello_world\drivers" -I"C:\Users\wuz147\Desktop\Lab2-problem7\frdmk66f_hello_world\device" -I"C:\Users\wuz147\Desktop\Lab2-problem7\frdmk66f_hello_world\component\uart" -I"C:\Users\wuz147\Desktop\Lab2-problem7\frdmk66f_hello_world\component\lists" -I"C:\Users\wuz147\Desktop\Lab2-problem7\frdmk66f_hello_world\CMSIS" -I"C:\Users\wuz147\Desktop\Lab2-problem7\frdmk66f_hello_world\board" -O0 -fno-common -g3 -c -ffunction-sections -fdata-sections -ffreestanding -fno-builtin -fmerge-constants -fmacro-prefix-map="../source/"= -mcpu=cortex-m4 -mfpu=fpv4-sp-d16 -mfloat-abi=hard -mthumb -D__REDLIB__ -fstack-usage -specs=redlib.specs -MMD -MP -MF"source/semihost_hardfault.d" -MT"source/semihost_hardfault.o" -MT"source/semihost_hardfault.d" -o "source/semihost_hardfault.o" "../source/semihost_hardfault.c"
 
Finished building: ../source/semihost_hardfault.c
 
make: *** [makefile:44: all] Error 2
"make -r -j4 all" terminated with exit code 2. Build might be incomplete.
14:04:02 **** Incremental Build of configuration Debug for project frdmk66f_hello_world ****
make -r -j4 all 
Building file: ../source/hello_world.c
Building file: ../drivers/fsl_clock.c
Building file: ../drivers/fsl_common.c
Invoking: MCU C Compiler
Invoking: MCU C Compiler
arm-none-eabi-gcc -std=gnu99 -D__REDLIB__ -DCPU_MK66FN2M0VMD18 -DCPU_MK66FN2M0VMD18_cm4 -DPRINTF_FLOAT_ENABLE=0 -DSCANF_FLOAT_ENABLE=0 -DPRINTF_ADVANCED_ENABLE=0 -DSCANF_ADVANCED_ENABLE=0 -DFRDM_K66F -DFREEDOM -DMCUXPRESSO_SDK -DSDK_DEBUGCONSOLE=0 -DCR_INTEGER_PRINTF -D__MCUXPRESSO -D__USE_CMSIS -DDEBUG -I"C:\Users\wuz147\Desktop\Lab2-problem7\frdmk66f_hello_world\source" -I"C:\Users\wuz147\Desktop\Lab2-problem7\frdmk66f_hello_world\utilities" -I"C:\Users\wuz147\Desktop\Lab2-problem7\frdmk66f_hello_world\drivers" -I"C:\Users\wuz147\Desktop\Lab2-problem7\frdmk66f_hello_world\device" -I"C:\Users\wuz147\Desktop\Lab2-problem7\frdmk66f_hello_world\component\uart" -I"C:\Users\wuz147\Desktop\Lab2-problem7\frdmk66f_hello_world\component\lists" -I"C:\Users\wuz147\Desktop\Lab2-problem7\frdmk66f_hello_world\CMSIS" -I"C:\Users\wuz147\Desktop\Lab2-problem7\frdmk66f_hello_world\board" -O0 -fno-common -g3 -c -ffunction-sections -fdata-sections -ffreestanding -fno-builtin -fmerge-constants -fmacro-prefix-map="../source/"= -mcpu=cortex-m4 -mfpu=fpv4-sp-d16 -mfloat-abi=hard -mthumb -D__REDLIB__ -fstack-usage -specs=redlib.specs -MMD -MP -MF"source/hello_world.d" -MT"source/hello_world.o" -MT"source/hello_world.d" -o "source/hello_world.o" "../source/hello_world.c"
Invoking: MCU C Compiler
arm-none-eabi-gcc -std=gnu99 -D__REDLIB__ -DCPU_MK66FN2M0VMD18 -DCPU_MK66FN2M0VMD18_cm4 -DPRINTF_FLOAT_ENABLE=0 -DSCANF_FLOAT_ENABLE=0 -DPRINTF_ADVANCED_ENABLE=0 -DSCANF_ADVANCED_ENABLE=0 -DFRDM_K66F -DFREEDOM -DMCUXPRESSO_SDK -DSDK_DEBUGCONSOLE=0 -DCR_INTEGER_PRINTF -D__MCUXPRESSO -D__USE_CMSIS -DDEBUG -I"C:\Users\wuz147\Desktop\Lab2-problem7\frdmk66f_hello_world\source" -I"C:\Users\wuz147\Desktop\Lab2-problem7\frdmk66f_hello_world\utilities" -I"C:\Users\wuz147\Desktop\Lab2-problem7\frdmk66f_hello_world\drivers" -I"C:\Users\wuz147\Desktop\Lab2-problem7\frdmk66f_hello_world\device" -I"C:\Users\wuz147\Desktop\Lab2-problem7\frdmk66f_hello_world\component\uart" -I"C:\Users\wuz147\Desktop\Lab2-problem7\frdmk66f_hello_world\component\lists" -I"C:\Users\wuz147\Desktop\Lab2-problem7\frdmk66f_hello_world\CMSIS" -I"C:\Users\wuz147\Desktop\Lab2-problem7\frdmk66f_hello_world\board" -O0 -fno-common -g3 -c -ffunction-sections -fdata-sections -ffreestanding -fno-builtin -fmerge-constants -fmacro-prefix-map="../drivers/"= -mcpu=cortex-m4 -mfpu=fpv4-sp-d16 -mfloat-abi=hard -mthumb -D__REDLIB__ -fstack-usage -specs=redlib.specs -MMD -MP -MF"drivers/fsl_clock.d" -MT"drivers/fsl_clock.o" -MT"drivers/fsl_clock.d" -o "drivers/fsl_clock.o" "../drivers/fsl_clock.c"
Building file: ../drivers/fsl_common_arm.c
arm-none-eabi-gcc -std=gnu99 -D__REDLIB__ -DCPU_MK66FN2M0VMD18 -DCPU_MK66FN2M0VMD18_cm4 -DPRINTF_FLOAT_ENABLE=0 -DSCANF_FLOAT_ENABLE=0 -DPRINTF_ADVANCED_ENABLE=0 -DSCANF_ADVANCED_ENABLE=0 -DFRDM_K66F -DFREEDOM -DMCUXPRESSO_SDK -DSDK_DEBUGCONSOLE=0 -DCR_INTEGER_PRINTF -D__MCUXPRESSO -D__USE_CMSIS -DDEBUG -I"C:\Users\wuz147\Desktop\Lab2-problem7\frdmk66f_hello_world\source" -I"C:\Users\wuz147\Desktop\Lab2-problem7\frdmk66f_hello_world\utilities" -I"C:\Users\wuz147\Desktop\Lab2-problem7\frdmk66f_hello_world\drivers" -I"C:\Users\wuz147\Desktop\Lab2-problem7\frdmk66f_hello_world\device" -I"C:\Users\wuz147\Desktop\Lab2-problem7\frdmk66f_hello_world\component\uart" -I"C:\Users\wuz147\Desktop\Lab2-problem7\frdmk66f_hello_world\component\lists" -I"C:\Users\wuz147\Desktop\Lab2-problem7\frdmk66f_hello_world\CMSIS" -I"C:\Users\wuz147\Desktop\Lab2-problem7\frdmk66f_hello_world\board" -O0 -fno-common -g3 -c -ffunction-sections -fdata-sections -ffreestanding -fno-builtin -fmerge-constants -fmacro-prefix-map="../drivers/"= -mcpu=cortex-m4 -mfpu=fpv4-sp-d16 -mfloat-abi=hard -mthumb -D__REDLIB__ -fstack-usage -specs=redlib.specs -MMD -MP -MF"drivers/fsl_common.d" -MT"drivers/fsl_common.o" -MT"drivers/fsl_common.d" -o "drivers/fsl_common.o" "../drivers/fsl_common.c"
Invoking: MCU C Compiler
arm-none-eabi-gcc -std=gnu99 -D__REDLIB__ -DCPU_MK66FN2M0VMD18 -DCPU_MK66FN2M0VMD18_cm4 -DPRINTF_FLOAT_ENABLE=0 -DSCANF_FLOAT_ENABLE=0 -DPRINTF_ADVANCED_ENABLE=0 -DSCANF_ADVANCED_ENABLE=0 -DFRDM_K66F -DFREEDOM -DMCUXPRESSO_SDK -DSDK_DEBUGCONSOLE=0 -DCR_INTEGER_PRINTF -D__MCUXPRESSO -D__USE_CMSIS -DDEBUG -I"C:\Users\wuz147\Desktop\Lab2-problem7\frdmk66f_hello_world\source" -I"C:\Users\wuz147\Desktop\Lab2-problem7\frdmk66f_hello_world\utilities" -I"C:\Users\wuz147\Desktop\Lab2-problem7\frdmk66f_hello_world\drivers" -I"C:\Users\wuz147\Desktop\Lab2-problem7\frdmk66f_hello_world\device" -I"C:\Users\wuz147\Desktop\Lab2-problem7\frdmk66f_hello_world\component\uart" -I"C:\Users\wuz147\Desktop\Lab2-problem7\frdmk66f_hello_world\component\lists" -I"C:\Users\wuz147\Desktop\Lab2-problem7\frdmk66f_hello_world\CMSIS" -I"C:\Users\wuz147\Desktop\Lab2-problem7\frdmk66f_hello_world\board" -O0 -fno-common -g3 -c -ffunction-sections -fdata-sections -ffreestanding -fno-builtin -fmerge-constants -fmacro-prefix-map="../drivers/"= -mcpu=cortex-m4 -mfpu=fpv4-sp-d16 -mfloat-abi=hard -mthumb -D__REDLIB__ -fstack-usage -specs=redlib.specs -MMD -MP -MF"drivers/fsl_common_arm.d" -MT"drivers/fsl_common_arm.o" -MT"drivers/fsl_common_arm.d" -o "drivers/fsl_common_arm.o" "../drivers/fsl_common_arm.c"
Finished building: ../drivers/fsl_common.c
Finished building: ../source/hello_world.c
 
 
Building file: ../drivers/fsl_ftfx_cache.c
Building file: ../drivers/fsl_ftfx_controller.c
Invoking: MCU C Compiler
arm-none-eabi-gcc -std=gnu99 -D__REDLIB__ -DCPU_MK66FN2M0VMD18 -DCPU_MK66FN2M0VMD18_cm4 -DPRINTF_FLOAT_ENABLE=0 -DSCANF_FLOAT_ENABLE=0 -DPRINTF_ADVANCED_ENABLE=0 -DSCANF_ADVANCED_ENABLE=0 -DFRDM_K66F -DFREEDOM -DMCUXPRESSO_SDK -DSDK_DEBUGCONSOLE=0 -DCR_INTEGER_PRINTF -D__MCUXPRESSO -D__USE_CMSIS -DDEBUG -I"C:\Users\wuz147\Desktop\Lab2-problem7\frdmk66f_hello_world\source" -I"C:\Users\wuz147\Desktop\Lab2-problem7\frdmk66f_hello_world\utilities" -I"C:\Users\wuz147\Desktop\Lab2-problem7\frdmk66f_hello_world\drivers" -I"C:\Users\wuz147\Desktop\Lab2-problem7\frdmk66f_hello_world\device" -I"C:\Users\wuz147\Desktop\Lab2-problem7\frdmk66f_hello_world\component\uart" -I"C:\Users\wuz147\Desktop\Lab2-problem7\frdmk66f_hello_world\component\lists" -I"C:\Users\wuz147\Desktop\Lab2-problem7\frdmk66f_hello_world\CMSIS" -I"C:\Users\wuz147\Desktop\Lab2-problem7\frdmk66f_hello_world\board" -O0 -fno-common -g3 -c -ffunction-sections -fdata-sections -ffreestanding -fno-builtin -fmerge-constants -fmacro-prefix-map="../drivers/"= -mcpu=cortex-m4 -mfpu=fpv4-sp-d16 -mfloat-abi=hard -mthumb -D__REDLIB__ -fstack-usage -specs=redlib.specs -MMD -MP -MF"drivers/fsl_ftfx_cache.d" -MT"drivers/fsl_ftfx_cache.o" -MT"drivers/fsl_ftfx_cache.d" -o "drivers/fsl_ftfx_cache.o" "../drivers/fsl_ftfx_cache.c"
Invoking: MCU C Compiler
Finished building: ../drivers/fsl_common_arm.c
arm-none-eabi-gcc -std=gnu99 -D__REDLIB__ -DCPU_MK66FN2M0VMD18 -DCPU_MK66FN2M0VMD18_cm4 -DPRINTF_FLOAT_ENABLE=0 -DSCANF_FLOAT_ENABLE=0 -DPRINTF_ADVANCED_ENABLE=0 -DSCANF_ADVANCED_ENABLE=0 -DFRDM_K66F -DFREEDOM -DMCUXPRESSO_SDK -DSDK_DEBUGCONSOLE=0 -DCR_INTEGER_PRINTF -D__MCUXPRESSO -D__USE_CMSIS -DDEBUG -I"C:\Users\wuz147\Desktop\Lab2-problem7\frdmk66f_hello_world\source" -I"C:\Users\wuz147\Desktop\Lab2-problem7\frdmk66f_hello_world\utilities" -I"C:\Users\wuz147\Desktop\Lab2-problem7\frdmk66f_hello_world\drivers" -I"C:\Users\wuz147\Desktop\Lab2-problem7\frdmk66f_hello_world\device" -I"C:\Users\wuz147\Desktop\Lab2-problem7\frdmk66f_hello_world\component\uart" -I"C:\Users\wuz147\Desktop\Lab2-problem7\frdmk66f_hello_world\component\lists" -I"C:\Users\wuz147\Desktop\Lab2-problem7\frdmk66f_hello_world\CMSIS" -I"C:\Users\wuz147\Desktop\Lab2-problem7\frdmk66f_hello_world\board" -O0 -fno-common -g3 -c -ffunction-sections -fdata-sections -ffreestanding -fno-builtin -fmerge-constants -fmacro-prefix-map="../drivers/"= -mcpu=cortex-m4 -mfpu=fpv4-sp-d16 -mfloat-abi=hard -mthumb -D__REDLIB__ -fstack-usage -specs=redlib.specs -MMD -MP -MF"drivers/fsl_ftfx_controller.d" -MT"drivers/fsl_ftfx_controller.o" -MT"drivers/fsl_ftfx_controller.d" -o "drivers/fsl_ftfx_controller.o" "../drivers/fsl_ftfx_controller.c"
 
Finished building: ../drivers/fsl_clock.c
Building file: ../drivers/fsl_ftfx_flash.c
 
Invoking: MCU C Compiler
arm-none-eabi-gcc -std=gnu99 -D__REDLIB__ -DCPU_MK66FN2M0VMD18 -DCPU_MK66FN2M0VMD18_cm4 -DPRINTF_FLOAT_ENABLE=0 -DSCANF_FLOAT_ENABLE=0 -DPRINTF_ADVANCED_ENABLE=0 -DSCANF_ADVANCED_ENABLE=0 -DFRDM_K66F -DFREEDOM -DMCUXPRESSO_SDK -DSDK_DEBUGCONSOLE=0 -DCR_INTEGER_PRINTF -D__MCUXPRESSO -D__USE_CMSIS -DDEBUG -I"C:\Users\wuz147\Desktop\Lab2-problem7\frdmk66f_hello_world\source" -I"C:\Users\wuz147\Desktop\Lab2-problem7\frdmk66f_hello_world\utilities" -I"C:\Users\wuz147\Desktop\Lab2-problem7\frdmk66f_hello_world\drivers" -I"C:\Users\wuz147\Desktop\Lab2-problem7\frdmk66f_hello_world\device" -I"C:\Users\wuz147\Desktop\Lab2-problem7\frdmk66f_hello_world\component\uart" -I"C:\Users\wuz147\Desktop\Lab2-problem7\frdmk66f_hello_world\component\lists" -I"C:\Users\wuz147\Desktop\Lab2-problem7\frdmk66f_hello_world\CMSIS" -I"C:\Users\wuz147\Desktop\Lab2-problem7\frdmk66f_hello_world\board" -O0 -fno-common -g3 -c -ffunction-sections -fdata-sections -ffreestanding -fno-builtin -fmerge-constants -fmacro-prefix-map="../drivers/"= -mcpu=cortex-m4 -mfpu=fpv4-sp-d16 -mfloat-abi=hard -mthumb -D__REDLIB__ -fstack-usage -specs=redlib.specs -MMD -MP -MF"drivers/fsl_ftfx_flash.d" -MT"drivers/fsl_ftfx_flash.o" -MT"drivers/fsl_ftfx_flash.d" -o "drivers/fsl_ftfx_flash.o" "../drivers/fsl_ftfx_flash.c"
Building file: ../drivers/fsl_ftfx_flexnvm.c
Invoking: MCU C Compiler
arm-none-eabi-gcc -std=gnu99 -D__REDLIB__ -DCPU_MK66FN2M0VMD18 -DCPU_MK66FN2M0VMD18_cm4 -DPRINTF_FLOAT_ENABLE=0 -DSCANF_FLOAT_ENABLE=0 -DPRINTF_ADVANCED_ENABLE=0 -DSCANF_ADVANCED_ENABLE=0 -DFRDM_K66F -DFREEDOM -DMCUXPRESSO_SDK -DSDK_DEBUGCONSOLE=0 -DCR_INTEGER_PRINTF -D__MCUXPRESSO -D__USE_CMSIS -DDEBUG -I"C:\Users\wuz147\Desktop\Lab2-problem7\frdmk66f_hello_world\source" -I"C:\Users\wuz147\Desktop\Lab2-problem7\frdmk66f_hello_world\utilities" -I"C:\Users\wuz147\Desktop\Lab2-problem7\frdmk66f_hello_world\drivers" -I"C:\Users\wuz147\Desktop\Lab2-problem7\frdmk66f_hello_world\device" -I"C:\Users\wuz147\Desktop\Lab2-problem7\frdmk66f_hello_world\component\uart" -I"C:\Users\wuz147\Desktop\Lab2-problem7\frdmk66f_hello_world\component\lists" -I"C:\Users\wuz147\Desktop\Lab2-problem7\frdmk66f_hello_world\CMSIS" -I"C:\Users\wuz147\Desktop\Lab2-problem7\frdmk66f_hello_world\board" -O0 -fno-common -g3 -c -ffunction-sections -fdata-sections -ffreestanding -fno-builtin -fmerge-constants -fmacro-prefix-map="../drivers/"= -mcpu=cortex-m4 -mfpu=fpv4-sp-d16 -mfloat-abi=hard -mthumb -D__REDLIB__ -fstack-usage -specs=redlib.specs -MMD -MP -MF"drivers/fsl_ftfx_flexnvm.d" -MT"drivers/fsl_ftfx_flexnvm.o" -MT"drivers/fsl_ftfx_flexnvm.d" -o "drivers/fsl_ftfx_flexnvm.o" "../drivers/fsl_ftfx_flexnvm.c"
Finished building: ../drivers/fsl_ftfx_cache.c
Finished building: ../drivers/fsl_ftfx_controller.c
 
 
Building file: ../drivers/fsl_gpio.c
Building file: ../drivers/fsl_lpuart.c
Invoking: MCU C Compiler
Finished building: ../drivers/fsl_ftfx_flash.c
arm-none-eabi-gcc -std=gnu99 -D__REDLIB__ -DCPU_MK66FN2M0VMD18 -DCPU_MK66FN2M0VMD18_cm4 -DPRINTF_FLOAT_ENABLE=0 -DSCANF_FLOAT_ENABLE=0 -DPRINTF_ADVANCED_ENABLE=0 -DSCANF_ADVANCED_ENABLE=0 -DFRDM_K66F -DFREEDOM -DMCUXPRESSO_SDK -DSDK_DEBUGCONSOLE=0 -DCR_INTEGER_PRINTF -D__MCUXPRESSO -D__USE_CMSIS -DDEBUG -I"C:\Users\wuz147\Desktop\Lab2-problem7\frdmk66f_hello_world\source" -I"C:\Users\wuz147\Desktop\Lab2-problem7\frdmk66f_hello_world\utilities" -I"C:\Users\wuz147\Desktop\Lab2-problem7\frdmk66f_hello_world\drivers" -I"C:\Users\wuz147\Desktop\Lab2-problem7\frdmk66f_hello_world\device" -I"C:\Users\wuz147\Desktop\Lab2-problem7\frdmk66f_hello_world\component\uart" -I"C:\Users\wuz147\Desktop\Lab2-problem7\frdmk66f_hello_world\component\lists" -I"C:\Users\wuz147\Desktop\Lab2-problem7\frdmk66f_hello_world\CMSIS" -I"C:\Users\wuz147\Desktop\Lab2-problem7\frdmk66f_hello_world\board" -O0 -fno-common -g3 -c -ffunction-sections -fdata-sections -ffreestanding -fno-builtin -fmerge-constants -fmacro-prefix-map="../drivers/"= -mcpu=cortex-m4 -mfpu=fpv4-sp-d16 -mfloat-abi=hard -mthumb -D__REDLIB__ -fstack-usage -specs=redlib.specs -MMD -MP -MF"drivers/fsl_gpio.d" -MT"drivers/fsl_gpio.o" -MT"drivers/fsl_gpio.d" -o "drivers/fsl_gpio.o" "../drivers/fsl_gpio.c"
Finished building: ../drivers/fsl_ftfx_flexnvm.c
Invoking: MCU C Compiler
arm-none-eabi-gcc -std=gnu99 -D__REDLIB__ -DCPU_MK66FN2M0VMD18 -DCPU_MK66FN2M0VMD18_cm4 -DPRINTF_FLOAT_ENABLE=0 -DSCANF_FLOAT_ENABLE=0 -DPRINTF_ADVANCED_ENABLE=0 -DSCANF_ADVANCED_ENABLE=0 -DFRDM_K66F -DFREEDOM -DMCUXPRESSO_SDK -DSDK_DEBUGCONSOLE=0 -DCR_INTEGER_PRINTF -D__MCUXPRESSO -D__USE_CMSIS -DDEBUG -I"C:\Users\wuz147\Desktop\Lab2-problem7\frdmk66f_hello_world\source" -I"C:\Users\wuz147\Desktop\Lab2-problem7\frdmk66f_hello_world\utilities" -I"C:\Users\wuz147\Desktop\Lab2-problem7\frdmk66f_hello_world\drivers" -I"C:\Users\wuz147\Desktop\Lab2-problem7\frdmk66f_hello_world\device" -I"C:\Users\wuz147\Desktop\Lab2-problem7\frdmk66f_hello_world\component\uart" -I"C:\Users\wuz147\Desktop\Lab2-problem7\frdmk66f_hello_world\component\lists" -I"C:\Users\wuz147\Desktop\Lab2-problem7\frdmk66f_hello_world\CMSIS" -I"C:\Users\wuz147\Desktop\Lab2-problem7\frdmk66f_hello_world\board" -O0 -fno-common -g3 -c -ffunction-sections -fdata-sections -ffreestanding -fno-builtin -fmerge-constants -fmacro-prefix-map="../drivers/"= -mcpu=cortex-m4 -mfpu=fpv4-sp-d16 -mfloat-abi=hard -mthumb -D__REDLIB__ -fstack-usage -specs=redlib.specs -MMD -MP -MF"drivers/fsl_lpuart.d" -MT"drivers/fsl_lpuart.o" -MT"drivers/fsl_lpuart.d" -o "drivers/fsl_lpuart.o" "../drivers/fsl_lpuart.c"
 
 
Building file: ../drivers/fsl_smc.c
Building file: ../drivers/fsl_uart.c
Invoking: MCU C Compiler
arm-none-eabi-gcc -std=gnu99 -D__REDLIB__ -DCPU_MK66FN2M0VMD18 -DCPU_MK66FN2M0VMD18_cm4 -DPRINTF_FLOAT_ENABLE=0 -DSCANF_FLOAT_ENABLE=0 -DPRINTF_ADVANCED_ENABLE=0 -DSCANF_ADVANCED_ENABLE=0 -DFRDM_K66F -DFREEDOM -DMCUXPRESSO_SDK -DSDK_DEBUGCONSOLE=0 -DCR_INTEGER_PRINTF -D__MCUXPRESSO -D__USE_CMSIS -DDEBUG -I"C:\Users\wuz147\Desktop\Lab2-problem7\frdmk66f_hello_world\source" -I"C:\Users\wuz147\Desktop\Lab2-problem7\frdmk66f_hello_world\utilities" -I"C:\Users\wuz147\Desktop\Lab2-problem7\frdmk66f_hello_world\drivers" -I"C:\Users\wuz147\Desktop\Lab2-problem7\frdmk66f_hello_world\device" -I"C:\Users\wuz147\Desktop\Lab2-problem7\frdmk66f_hello_world\component\uart" -I"C:\Users\wuz147\Desktop\Lab2-problem7\frdmk66f_hello_world\component\lists" -I"C:\Users\wuz147\Desktop\Lab2-problem7\frdmk66f_hello_world\CMSIS" -I"C:\Users\wuz147\Desktop\Lab2-problem7\frdmk66f_hello_world\board" -O0 -fno-common -g3 -c -ffunction-sections -fdata-sections -ffreestanding -fno-builtin -fmerge-constants -fmacro-prefix-map="../drivers/"= -mcpu=cortex-m4 -mfpu=fpv4-sp-d16 -mfloat-abi=hard -mthumb -D__REDLIB__ -fstack-usage -specs=redlib.specs -MMD -MP -MF"drivers/fsl_smc.d" -MT"drivers/fsl_smc.o" -MT"drivers/fsl_smc.d" -o "drivers/fsl_smc.o" "../drivers/fsl_smc.c"
Invoking: MCU C Compiler
arm-none-eabi-gcc -std=gnu99 -D__REDLIB__ -DCPU_MK66FN2M0VMD18 -DCPU_MK66FN2M0VMD18_cm4 -DPRINTF_FLOAT_ENABLE=0 -DSCANF_FLOAT_ENABLE=0 -DPRINTF_ADVANCED_ENABLE=0 -DSCANF_ADVANCED_ENABLE=0 -DFRDM_K66F -DFREEDOM -DMCUXPRESSO_SDK -DSDK_DEBUGCONSOLE=0 -DCR_INTEGER_PRINTF -D__MCUXPRESSO -D__USE_CMSIS -DDEBUG -I"C:\Users\wuz147\Desktop\Lab2-problem7\frdmk66f_hello_world\source" -I"C:\Users\wuz147\Desktop\Lab2-problem7\frdmk66f_hello_world\utilities" -I"C:\Users\wuz147\Desktop\Lab2-problem7\frdmk66f_hello_world\drivers" -I"C:\Users\wuz147\Desktop\Lab2-problem7\frdmk66f_hello_world\device" -I"C:\Users\wuz147\Desktop\Lab2-problem7\frdmk66f_hello_world\component\uart" -I"C:\Users\wuz147\Desktop\Lab2-problem7\frdmk66f_hello_world\component\lists" -I"C:\Users\wuz147\Desktop\Lab2-problem7\frdmk66f_hello_world\CMSIS" -I"C:\Users\wuz147\Desktop\Lab2-problem7\frdmk66f_hello_world\board" -O0 -fno-common -g3 -c -ffunction-sections -fdata-sections -ffreestanding -fno-builtin -fmerge-constants -fmacro-prefix-map="../drivers/"= -mcpu=cortex-m4 -mfpu=fpv4-sp-d16 -mfloat-abi=hard -mthumb -D__REDLIB__ -fstack-usage -specs=redlib.specs -MMD -MP -MF"drivers/fsl_uart.d" -MT"drivers/fsl_uart.o" -MT"drivers/fsl_uart.d" -o "drivers/fsl_uart.o" "../drivers/fsl_uart.c"
Finished building: ../drivers/fsl_gpio.c
 
Building file: ../device/system_MK66F18.c
Invoking: MCU C Compiler
arm-none-eabi-gcc -std=gnu99 -D__REDLIB__ -DCPU_MK66FN2M0VMD18 -DCPU_MK66FN2M0VMD18_cm4 -DPRINTF_FLOAT_ENABLE=0 -DSCANF_FLOAT_ENABLE=0 -DPRINTF_ADVANCED_ENABLE=0 -DSCANF_ADVANCED_ENABLE=0 -DFRDM_K66F -DFREEDOM -DMCUXPRESSO_SDK -DSDK_DEBUGCONSOLE=0 -DCR_INTEGER_PRINTF -D__MCUXPRESSO -D__USE_CMSIS -DDEBUG -I"C:\Users\wuz147\Desktop\Lab2-problem7\frdmk66f_hello_world\source" -I"C:\Users\wuz147\Desktop\Lab2-problem7\frdmk66f_hello_world\utilities" -I"C:\Users\wuz147\Desktop\Lab2-problem7\frdmk66f_hello_world\drivers" -I"C:\Users\wuz147\Desktop\Lab2-problem7\frdmk66f_hello_world\device" -I"C:\Users\wuz147\Desktop\Lab2-problem7\frdmk66f_hello_world\component\uart" -I"C:\Users\wuz147\Desktop\Lab2-problem7\frdmk66f_hello_world\component\lists" -I"C:\Users\wuz147\Desktop\Lab2-problem7\frdmk66f_hello_world\CMSIS" -I"C:\Users\wuz147\Desktop\Lab2-problem7\frdmk66f_hello_world\board" -O0 -fno-common -g3 -c -ffunction-sections -fdata-sections -ffreestanding -fno-builtin -fmerge-constants -fmacro-prefix-map="../device/"= -mcpu=cortex-m4 -mfpu=fpv4-sp-d16 -mfloat-abi=hard -mthumb -D__REDLIB__ -fstack-usage -specs=redlib.specs -MMD -MP -MF"device/system_MK66F18.d" -MT"device/system_MK66F18.o" -MT"device/system_MK66F18.d" -o "device/system_MK66F18.o" "../device/system_MK66F18.c"
Finished building: ../drivers/fsl_lpuart.c
Finished building: ../drivers/fsl_smc.c
 
 
Building file: ../component/uart/fsl_adapter_uart.c
Building file: ../component/lists/fsl_component_generic_list.c
Invoking: MCU C Compiler
Invoking: MCU C Compiler
arm-none-eabi-gcc -std=gnu99 -D__REDLIB__ -DCPU_MK66FN2M0VMD18 -DCPU_MK66FN2M0VMD18_cm4 -DPRINTF_FLOAT_ENABLE=0 -DSCANF_FLOAT_ENABLE=0 -DPRINTF_ADVANCED_ENABLE=0 -DSCANF_ADVANCED_ENABLE=0 -DFRDM_K66F -DFREEDOM -DMCUXPRESSO_SDK -DSDK_DEBUGCONSOLE=0 -DCR_INTEGER_PRINTF -D__MCUXPRESSO -D__USE_CMSIS -DDEBUG -I"C:\Users\wuz147\Desktop\Lab2-problem7\frdmk66f_hello_world\source" -I"C:\Users\wuz147\Desktop\Lab2-problem7\frdmk66f_hello_world\utilities" -I"C:\Users\wuz147\Desktop\Lab2-problem7\frdmk66f_hello_world\drivers" -I"C:\Users\wuz147\Desktop\Lab2-problem7\frdmk66f_hello_world\device" -I"C:\Users\wuz147\Desktop\Lab2-problem7\frdmk66f_hello_world\component\uart" -I"C:\Users\wuz147\Desktop\Lab2-problem7\frdmk66f_hello_world\component\lists" -I"C:\Users\wuz147\Desktop\Lab2-problem7\frdmk66f_hello_world\CMSIS" -I"C:\Users\wuz147\Desktop\Lab2-problem7\frdmk66f_hello_world\board" -O0 -fno-common -g3 -c -ffunction-sections -fdata-sections -ffreestanding -fno-builtin -fmerge-constants -fmacro-prefix-map="../component/lists/"= -mcpu=cortex-m4 -mfpu=fpv4-sp-d16 -mfloat-abi=hard -mthumb -D__REDLIB__ -fstack-usage -specs=redlib.specs -MMD -MP -MF"component/lists/fsl_component_generic_list.d" -MT"component/lists/fsl_component_generic_list.o" -MT"component/lists/fsl_component_generic_list.d" -o "component/lists/fsl_component_generic_list.o" "../component/lists/fsl_component_generic_list.c"
arm-none-eabi-gcc -std=gnu99 -D__REDLIB__ -DCPU_MK66FN2M0VMD18 -DCPU_MK66FN2M0VMD18_cm4 -DPRINTF_FLOAT_ENABLE=0 -DSCANF_FLOAT_ENABLE=0 -DPRINTF_ADVANCED_ENABLE=0 -DSCANF_ADVANCED_ENABLE=0 -DFRDM_K66F -DFREEDOM -DMCUXPRESSO_SDK -DSDK_DEBUGCONSOLE=0 -DCR_INTEGER_PRINTF -D__MCUXPRESSO -D__USE_CMSIS -DDEBUG -I"C:\Users\wuz147\Desktop\Lab2-problem7\frdmk66f_hello_world\source" -I"C:\Users\wuz147\Desktop\Lab2-problem7\frdmk66f_hello_world\utilities" -I"C:\Users\wuz147\Desktop\Lab2-problem7\frdmk66f_hello_world\drivers" -I"C:\Users\wuz147\Desktop\Lab2-problem7\frdmk66f_hello_world\device" -I"C:\Users\wuz147\Desktop\Lab2-problem7\frdmk66f_hello_world\component\uart" -I"C:\Users\wuz147\Desktop\Lab2-problem7\frdmk66f_hello_world\component\lists" -I"C:\Users\wuz147\Desktop\Lab2-problem7\frdmk66f_hello_world\CMSIS" -I"C:\Users\wuz147\Desktop\Lab2-problem7\frdmk66f_hello_world\board" -O0 -fno-common -g3 -c -ffunction-sections -fdata-sections -ffreestanding -fno-builtin -fmerge-constants -fmacro-prefix-map="../component/uart/"= -mcpu=cortex-m4 -mfpu=fpv4-sp-d16 -mfloat-abi=hard -mthumb -D__REDLIB__ -fstack-usage -specs=redlib.specs -MMD -MP -MF"component/uart/fsl_adapter_uart.d" -MT"component/uart/fsl_adapter_uart.o" -MT"component/uart/fsl_adapter_uart.d" -o "component/uart/fsl_adapter_uart.o" "../component/uart/fsl_adapter_uart.c"
Finished building: ../drivers/fsl_uart.c
 
Building file: ../board/board.c
Invoking: MCU C Compiler
arm-none-eabi-gcc -std=gnu99 -D__REDLIB__ -DCPU_MK66FN2M0VMD18 -DCPU_MK66FN2M0VMD18_cm4 -DPRINTF_FLOAT_ENABLE=0 -DSCANF_FLOAT_ENABLE=0 -DPRINTF_ADVANCED_ENABLE=0 -DSCANF_ADVANCED_ENABLE=0 -DFRDM_K66F -DFREEDOM -DMCUXPRESSO_SDK -DSDK_DEBUGCONSOLE=0 -DCR_INTEGER_PRINTF -D__MCUXPRESSO -D__USE_CMSIS -DDEBUG -I"C:\Users\wuz147\Desktop\Lab2-problem7\frdmk66f_hello_world\source" -I"C:\Users\wuz147\Desktop\Lab2-problem7\frdmk66f_hello_world\utilities" -I"C:\Users\wuz147\Desktop\Lab2-problem7\frdmk66f_hello_world\drivers" -I"C:\Users\wuz147\Desktop\Lab2-problem7\frdmk66f_hello_world\device" -I"C:\Users\wuz147\Desktop\Lab2-problem7\frdmk66f_hello_world\component\uart" -I"C:\Users\wuz147\Desktop\Lab2-problem7\frdmk66f_hello_world\component\lists" -I"C:\Users\wuz147\Desktop\Lab2-problem7\frdmk66f_hello_world\CMSIS" -I"C:\Users\wuz147\Desktop\Lab2-problem7\frdmk66f_hello_world\board" -O0 -fno-common -g3 -c -ffunction-sections -fdata-sections -ffreestanding -fno-builtin -fmerge-constants -fmacro-prefix-map="../board/"= -mcpu=cortex-m4 -mfpu=fpv4-sp-d16 -mfloat-abi=hard -mthumb -D__REDLIB__ -fstack-usage -specs=redlib.specs -MMD -MP -MF"board/board.d" -MT"board/board.o" -MT"board/board.d" -o "board/board.o" "../board/board.c"
Finished building: ../device/system_MK66F18.c
 
Building file: ../board/clock_config.c
Invoking: MCU C Compiler
arm-none-eabi-gcc -std=gnu99 -D__REDLIB__ -DCPU_MK66FN2M0VMD18 -DCPU_MK66FN2M0VMD18_cm4 -DPRINTF_FLOAT_ENABLE=0 -DSCANF_FLOAT_ENABLE=0 -DPRINTF_ADVANCED_ENABLE=0 -DSCANF_ADVANCED_ENABLE=0 -DFRDM_K66F -DFREEDOM -DMCUXPRESSO_SDK -DSDK_DEBUGCONSOLE=0 -DCR_INTEGER_PRINTF -D__MCUXPRESSO -D__USE_CMSIS -DDEBUG -I"C:\Users\wuz147\Desktop\Lab2-problem7\frdmk66f_hello_world\source" -I"C:\Users\wuz147\Desktop\Lab2-problem7\frdmk66f_hello_world\utilities" -I"C:\Users\wuz147\Desktop\Lab2-problem7\frdmk66f_hello_world\drivers" -I"C:\Users\wuz147\Desktop\Lab2-problem7\frdmk66f_hello_world\device" -I"C:\Users\wuz147\Desktop\Lab2-problem7\frdmk66f_hello_world\component\uart" -I"C:\Users\wuz147\Desktop\Lab2-problem7\frdmk66f_hello_world\component\lists" -I"C:\Users\wuz147\Desktop\Lab2-problem7\frdmk66f_hello_world\CMSIS" -I"C:\Users\wuz147\Desktop\Lab2-problem7\frdmk66f_hello_world\board" -O0 -fno-common -g3 -c -ffunction-sections -fdata-sections -ffreestanding -fno-builtin -fmerge-constants -fmacro-prefix-map="../board/"= -mcpu=cortex-m4 -mfpu=fpv4-sp-d16 -mfloat-abi=hard -mthumb -D__REDLIB__ -fstack-usage -specs=redlib.specs -MMD -MP -MF"board/clock_config.d" -MT"board/clock_config.o" -MT"board/clock_config.d" -o "board/clock_config.o" "../board/clock_config.c"
Finished building: ../component/lists/fsl_component_generic_list.c
Finished building: ../component/uart/fsl_adapter_uart.c
 
Building file: ../board/pin_mux.c
../board/clock_config.c:2:11: error: expected '=', ',', ';', 'asm' or '__attribute__' before ':' token
    2 | package_id: MK66FN2M0VMD18
      |           ^
../board/clock_config.c:4:20: error: too many decimal points in number
    4 | processor_version: 9.0.0
      |                    ^~~~~
 
Invoking: MCU C Compiler
arm-none-eabi-gcc -std=gnu99 -D__REDLIB__ -DCPU_MK66FN2M0VMD18 -DCPU_MK66FN2M0VMD18_cm4 -DPRINTF_FLOAT_ENABLE=0 -DSCANF_FLOAT_ENABLE=0 -DPRINTF_ADVANCED_ENABLE=0 -DSCANF_ADVANCED_ENABLE=0 -DFRDM_K66F -DFREEDOM -DMCUXPRESSO_SDK -DSDK_DEBUGCONSOLE=0 -DCR_INTEGER_PRINTF -D__MCUXPRESSO -D__USE_CMSIS -DDEBUG -I"C:\Users\wuz147\Desktop\Lab2-problem7\frdmk66f_hello_world\source" -I"C:\Users\wuz147\Desktop\Lab2-problem7\frdmk66f_hello_world\utilities" -I"C:\Users\wuz147\Desktop\Lab2-problem7\frdmk66f_hello_world\drivers" -I"C:\Users\wuz147\Desktop\Lab2-problem7\frdmk66f_hello_world\device" -I"C:\Users\wuz147\Desktop\Lab2-problem7\frdmk66f_hello_world\component\uart" -I"C:\Users\wuz147\Desktop\Lab2-problem7\frdmk66f_hello_world\component\lists" -I"C:\Users\wuz147\Desktop\Lab2-problem7\frdmk66f_hello_world\CMSIS" -I"C:\Users\wuz147\Desktop\Lab2-problem7\frdmk66f_hello_world\board" -O0 -fno-common -g3 -c -ffunction-sections -fdata-sections -ffreestanding -fno-builtin -fmerge-constants -fmacro-prefix-map="../board/"= -mcpu=cortex-m4 -mfpu=fpv4-sp-d16 -mfloat-abi=hard -mthumb -D__REDLIB__ -fstack-usage -specs=redlib.specs -MMD -MP -MF"board/pin_mux.d" -MT"board/pin_mux.o" -MT"board/pin_mux.d" -o "board/pin_mux.o" "../board/pin_mux.c"
make[1]: *** [board/subdir.mk:26: board/clock_config.o] Error 1
make[1]: *** Waiting for unfinished jobs....
Finished building: ../board/board.c
 
Finished building: ../board/pin_mux.c
 
make: *** [makefile:44: all] Error 2
"make -r -j4 all" terminated with exit code 2. Build might be incomplete.
14:05:08 **** Incremental Build of configuration Debug for project frdmk66f_hello_world ****
make -r -j4 all 
Building file: ../board/clock_config.c
Invoking: MCU C Compiler
arm-none-eabi-gcc -std=gnu99 -D__REDLIB__ -DCPU_MK66FN2M0VMD18 -DCPU_MK66FN2M0VMD18_cm4 -DPRINTF_FLOAT_ENABLE=0 -DSCANF_FLOAT_ENABLE=0 -DPRINTF_ADVANCED_ENABLE=0 -DSCANF_ADVANCED_ENABLE=0 -DFRDM_K66F -DFREEDOM -DMCUXPRESSO_SDK -DSDK_DEBUGCONSOLE=0 -DCR_INTEGER_PRINTF -D__MCUXPRESSO -D__USE_CMSIS -DDEBUG -I"C:\Users\wuz147\Desktop\Lab2-problem7\frdmk66f_hello_world\source" -I"C:\Users\wuz147\Desktop\Lab2-problem7\frdmk66f_hello_world\utilities" -I"C:\Users\wuz147\Desktop\Lab2-problem7\frdmk66f_hello_world\drivers" -I"C:\Users\wuz147\Desktop\Lab2-problem7\frdmk66f_hello_world\device" -I"C:\Users\wuz147\Desktop\Lab2-problem7\frdmk66f_hello_world\component\uart" -I"C:\Users\wuz147\Desktop\Lab2-problem7\frdmk66f_hello_world\component\lists" -I"C:\Users\wuz147\Desktop\Lab2-problem7\frdmk66f_hello_world\CMSIS" -I"C:\Users\wuz147\Desktop\Lab2-problem7\frdmk66f_hello_world\board" -O0 -fno-common -g3 -c -ffunction-sections -fdata-sections -ffreestanding -fno-builtin -fmerge-constants -fmacro-prefix-map="../board/"= -mcpu=cortex-m4 -mfpu=fpv4-sp-d16 -mfloat-abi=hard -mthumb -D__REDLIB__ -fstack-usage -specs=redlib.specs -MMD -MP -MF"board/clock_config.d" -MT"board/clock_config.o" -MT"board/clock_config.d" -o "board/clock_config.o" "../board/clock_config.c"
Finished building: ../board/clock_config.c
 
Building target: frdmk66f_hello_world.axf
Invoking: MCU Linker
arm-none-eabi-gcc -nostdlib -Xlinker -Map="frdmk66f_hello_world.map" -Xlinker --gc-sections -Xlinker -print-memory-usage -Xlinker --sort-section=alignment -Xlinker --cref -mcpu=cortex-m4 -mfpu=fpv4-sp-d16 -mfloat-abi=hard -mthumb -T frdmk66f_hello_world_Debug.ld -o "frdmk66f_hello_world.axf" ./utilities/fsl_assert.o ./utilities/fsl_debug_console.o  ./startup/startup_mk66f18.o  ./source/hello_world.o ./source/semihost_hardfault.o  ./drivers/fsl_clock.o ./drivers/fsl_common.o ./drivers/fsl_common_arm.o ./drivers/fsl_ftfx_cache.o ./drivers/fsl_ftfx_controller.o ./drivers/fsl_ftfx_flash.o ./drivers/fsl_ftfx_flexnvm.o ./drivers/fsl_gpio.o ./drivers/fsl_lpuart.o ./drivers/fsl_smc.o ./drivers/fsl_uart.o  ./device/system_MK66F18.o  ./component/uart/fsl_adapter_uart.o  ./component/lists/fsl_component_generic_list.o  ./board/board.o ./board/clock_config.o ./board/pin_mux.o   
Memory region         Used Size  Region Size  %age Used
   PROGRAM_FLASH:       12736 B         2 MB      0.61%
      SRAM_UPPER:        8448 B       192 KB      4.30%
      SRAM_LOWER:          0 GB        64 KB      0.00%
        FLEX_RAM:          0 GB         4 KB      0.00%
Finished building target: frdmk66f_hello_world.axf
 
Performing post-build steps
arm-none-eabi-size "frdmk66f_hello_world.axf"; # arm-none-eabi-objcopy -v -O binary "frdmk66f_hello_world.axf" "frdmk66f_hello_world.bin" ; # checksum -p MK66FN2M0xxx18 -d "frdmk66f_hello_world.bin";
   text	   data	    bss	    dec	    hex	filename
  12720	     16	   8432	  21168	   52b0	frdmk66f_hello_world.axf
 
17:51:12 **** Build of configuration Debug for project frdmk66f_hello_world ****
make -r -j4 all 
Building target: frdmk66f_hello_world.axf
Invoking: MCU Linker
arm-none-eabi-gcc -nostdlib -Xlinker -Map="frdmk66f_hello_world.map" -Xlinker --gc-sections -Xlinker -print-memory-usage -Xlinker --sort-section=alignment -Xlinker --cref -mcpu=cortex-m4 -mfpu=fpv4-sp-d16 -mfloat-abi=hard -mthumb -T frdmk66f_hello_world_Debug.ld -o "frdmk66f_hello_world.axf" ./utilities/fsl_assert.o ./utilities/fsl_debug_console.o  ./startup/startup_mk66f18.o  ./source/hello_world.o ./source/semihost_hardfault.o  ./drivers/fsl_clock.o ./drivers/fsl_common.o ./drivers/fsl_common_arm.o ./drivers/fsl_ftfx_cache.o ./drivers/fsl_ftfx_controller.o ./drivers/fsl_ftfx_flash.o ./drivers/fsl_ftfx_flexnvm.o ./drivers/fsl_gpio.o ./drivers/fsl_lpuart.o ./drivers/fsl_smc.o ./drivers/fsl_uart.o  ./device/system_MK66F18.o  ./component/uart/fsl_adapter_uart.o  ./component/lists/fsl_component_generic_list.o  ./board/board.o ./board/clock_config.o ./board/pin_mux.o   
Memory region         Used Size  Region Size  %age Used
   PROGRAM_FLASH:       12736 B         2 MB      0.61%
      SRAM_UPPER:        8448 B       192 KB      4.30%
      SRAM_LOWER:          0 GB        64 KB      0.00%
        FLEX_RAM:          0 GB         4 KB      0.00%
Finished building target: frdmk66f_hello_world.axf
 
Performing post-build steps
arm-none-eabi-size "frdmk66f_hello_world.axf"; # arm-none-eabi-objcopy -v -O binary "frdmk66f_hello_world.axf" "frdmk66f_hello_world.bin" ; # checksum -p MK66FN2M0xxx18 -d "frdmk66f_hello_world.bin";
   text	   data	    bss	    dec	    hex	filename
  12720	     16	   8432	  21168	   52b0	frdmk66f_hello_world.axf
 
